
> ssdi-symptom-tracker@1.0.0 typecheck
> tsc --noEmit

src/__tests__/integration.test.ts(16,5): error TS2322: Type '{ id: string; profileId: string; date: Date; symptoms: { name: string; severity: number; duration: number; notes: string; }[]; overallPainLevel: number; fatigueLevel: number; sleepQuality: string; sleepHours: number; notes: string; }[]' is not assignable to type 'DailyLog[]'.
  Type '{ id: string; profileId: string; date: Date; symptoms: { name: string; severity: number; duration: number; notes: string; }[]; overallPainLevel: number; fatigueLevel: number; sleepQuality: string; sleepHours: number; notes: string; }' is missing the following properties from type 'DailyLog': createdAt, updatedAt, logDate, timeOfDay, overallSeverity
src/__tests__/integration.test.ts(40,7): error TS2322: Type '"strength"' is not assignable to type 'LimitationCategory'.
src/__tests__/integration.test.ts(50,7): error TS2322: Type '"mobility"' is not assignable to type 'LimitationCategory'.
src/__tests__/integration.test.ts(64,5): error TS2322: Type 'Date' is not assignable to type 'string'.
src/__tests__/integration.test.ts(65,5): error TS2322: Type 'Date' is not assignable to type 'string'.
src/__tests__/integration.test.ts(71,9): error TS2322: Type '"frequent"' is not assignable to type '"occasional" | "daily" | "weekly" | "monthly"'.
src/__tests__/integration.test.ts(74,11): error TS2322: Type 'boolean' is not assignable to type 'number'.
src/__tests__/integration.test.ts(81,9): error TS2322: Type '"constant"' is not assignable to type '"occasional" | "daily" | "weekly" | "monthly"'.
src/__tests__/integration.test.ts(94,9): error TS2561: Object literal may only specify known properties, but 'essential' does not exist in type 'JobDuty'. Did you mean to write 'isEssential'?
src/__tests__/integration.test.ts(99,7): error TS2561: Object literal may only specify known properties, but 'liftingRequirement' does not exist in type 'PhysicalDemands'. Did you mean to write 'liftingRequired'?
src/__tests__/integration.test.ts(116,45): error TS2551: Property 'calculateCredibilityScore' does not exist on type 'typeof CredibilityScorer'. Did you mean 'calculateCredibility'?
src/__tests__/integration.test.ts(120,55): error TS2554: Expected 1 arguments, but got 2.
src/__tests__/integration.test.ts(121,18): error TS2339: Property 'workCapacityLevel' does not exist on type 'RFC'.
src/__tests__/integration.test.ts(127,9): error TS2554: Expected 1 arguments, but got 3.
src/__tests__/integration.test.ts(156,55): error TS2554: Expected 1 arguments, but got 2.
src/__tests__/integration.test.ts(157,34): error TS2339: Property 'totalLogs' does not exist on type 'EvidenceSummary'.
src/__tests__/integration.test.ts(166,9): error TS2554: Expected 1 arguments, but got 3.
src/__tests__/integration.test.ts(196,55): error TS2554: Expected 1 arguments, but got 2.
src/__tests__/integration.test.ts(214,55): error TS2554: Expected 1 arguments, but got 2.
src/__tests__/integration.test.ts(218,9): error TS2554: Expected 1 arguments, but got 3.
src/__tests__/integration.test.ts(229,13): error TS2322: Type '"constant"' is not assignable to type '"occasional" | "daily" | "weekly" | "monthly"'.
src/__tests__/integration.test.ts(238,11): error TS2561: Object literal may only specify known properties, but 'liftingRequirement' does not exist in type 'PhysicalDemands'. Did you mean to write 'liftingRequired'?
src/__tests__/integration.test.ts(247,9): error TS2554: Expected 1 arguments, but got 3.
src/__tests__/integration.test.ts(268,55): error TS2554: Expected 1 arguments, but got 2.
src/__tests__/integration.test.ts(280,60): error TS2554: Expected 1 arguments, but got 2.
src/__tests__/integration.test.ts(281,58): error TS2554: Expected 1 arguments, but got 2.
src/__tests__/integration.test.ts(311,9): error TS2554: Expected 1 arguments, but got 3.
src/__tests__/integration.test.ts(329,55): error TS2554: Expected 1 arguments, but got 2.
src/__tests__/integration.test.ts(332,9): error TS2554: Expected 1 arguments, but got 3.
src/__tests__/integration.test.ts(346,65): error TS2339: Property 'workCapacityLevel' does not exist on type 'RFC'.
src/__tests__/integration.test.ts(350,15): error TS2339: Property 'workCapacityLevel' does not exist on type 'RFC'.
src/__tests__/testHelpers.ts(66,22): error TS2352: Conversion of type '{ exertionLevel: "light"; liftingRequired: { maxWeightPounds: number; frequency: "occasional"; }; standing: { required: boolean; maxHoursPerDay: number; }; walking: { required: boolean; maxHoursPerDay: number; }; }' to type 'PhysicalDemands' may be a mistake because neither type sufficiently overlaps with the other. If this was intentional, convert the expression to 'unknown' first.
  Type '{ exertionLevel: "light"; liftingRequired: { maxWeightPounds: number; frequency: "occasional"; }; standing: { required: boolean; maxHoursPerDay: number; }; walking: { required: boolean; maxHoursPerDay: number; }; }' is missing the following properties from type 'PhysicalDemands': standingRequired, walkingRequired, sittingRequired, posturalRequirements, and 2 more.
src/__tests__/testHelpers.ts(83,5): error TS2322: Type '"frequently"' is not assignable to type '"occasional" | "daily" | "weekly" | "monthly"'.
src/__tests__/testHelpers.ts(84,5): error TS2559: Type 'never[]' has no properties in common with type '{ standing?: boolean | undefined; sitting?: boolean | undefined; walking?: boolean | undefined; lifting?: number | undefined; reaching?: boolean | undefined; fineDexterity?: boolean | undefined; concentration?: boolean | undefined; memory?: boolean | undefined; }'.
src/__tests__/testHelpers.ts(139,5): error TS2353: Object literal may only specify known properties, and 'specialty' does not exist in type 'Appointment'.
src/__tests__/testHelpers.ts(157,5): error TS2322: Type 'string' is not assignable to type 'string[]'.
src/services/__tests__/AppointmentSummaryService.test.ts(10,7): error TS7034: Variable 'fakeActivityLogs' implicitly has type 'any[]' in some locations where its type cannot be determined.
src/services/__tests__/AppointmentSummaryService.test.ts(11,7): error TS7034: Variable 'fakeLimitations' implicitly has type 'any[]' in some locations where its type cannot be determined.
src/services/__tests__/AppointmentSummaryService.test.ts(12,7): error TS7034: Variable 'fakeMedications' implicitly has type 'any[]' in some locations where its type cannot be determined.
src/services/__tests__/AppointmentSummaryService.test.ts(17,7): error TS2345: Argument of type '{ appointmentDate: string; }' is not assignable to parameter of type 'Appointment'.
  Type '{ appointmentDate: string; }' is missing the following properties from type 'Appointment': id, profileId, createdAt, updatedAt, and 4 more.
src/services/__tests__/AppointmentSummaryService.test.ts(19,7): error TS7005: Variable 'fakeActivityLogs' implicitly has an 'any[]' type.
src/services/__tests__/AppointmentSummaryService.test.ts(20,7): error TS7005: Variable 'fakeLimitations' implicitly has an 'any[]' type.
src/services/__tests__/AppointmentSummaryService.test.ts(21,7): error TS7005: Variable 'fakeMedications' implicitly has an 'any[]' type.
src/services/__tests__/AppointmentSummaryService.test.ts(32,7): error TS2345: Argument of type '{ appointmentDate: string; }' is not assignable to parameter of type 'Appointment'.
src/services/__tests__/AppointmentSummaryService.test.ts(34,7): error TS7005: Variable 'fakeActivityLogs' implicitly has an 'any[]' type.
src/services/__tests__/AppointmentSummaryService.test.ts(35,7): error TS7005: Variable 'fakeLimitations' implicitly has an 'any[]' type.
src/services/__tests__/AppointmentSummaryService.test.ts(36,7): error TS7005: Variable 'fakeMedications' implicitly has an 'any[]' type.
src/services/__tests__/AppointmentSummaryService.test.ts(40,7): error TS2345: Argument of type '{ appointmentDate: string; }' is not assignable to parameter of type 'Appointment'.
src/services/__tests__/AppointmentSummaryService.test.ts(42,7): error TS7005: Variable 'fakeActivityLogs' implicitly has an 'any[]' type.
src/services/__tests__/AppointmentSummaryService.test.ts(43,7): error TS7005: Variable 'fakeLimitations' implicitly has an 'any[]' type.
src/services/__tests__/AppointmentSummaryService.test.ts(44,7): error TS7005: Variable 'fakeMedications' implicitly has an 'any[]' type.
src/services/__tests__/AppointmentSummaryService.test.ts(53,7): error TS2345: Argument of type '{ appointmentDate: string; }' is not assignable to parameter of type 'Appointment'.
src/services/__tests__/CloudBackupService.test.ts(15,9): error TS2740: Type '{ provider: "local"; autoBackup: true; backupFrequency: "daily"; retentionDays: number; encryptionEnabled: true; }' is missing the following properties from type 'BackupConfig': encryptionMethod, includePhotos, includeReports, compressBeforeUpload, and 2 more.
src/services/__tests__/CloudBackupService.test.ts(24,44): error TS2554: Expected 0 arguments, but got 1.
src/services/__tests__/CloudBackupService.test.ts(43,42): error TS2576: Property 'createBackup' does not exist on type 'CloudBackupService'. Did you mean to access the static member 'CloudBackupService.createBackup' instead?
src/services/__tests__/CloudBackupService.test.ts(59,42): error TS2576: Property 'createBackup' does not exist on type 'CloudBackupService'. Did you mean to access the static member 'CloudBackupService.createBackup' instead?
src/services/__tests__/CloudBackupService.test.ts(67,42): error TS2576: Property 'createBackup' does not exist on type 'CloudBackupService'. Did you mean to access the static member 'CloudBackupService.createBackup' instead?
src/services/__tests__/CloudBackupService.test.ts(78,42): error TS2576: Property 'createBackup' does not exist on type 'CloudBackupService'. Did you mean to access the static member 'CloudBackupService.createBackup' instead?
src/services/__tests__/CloudBackupService.test.ts(93,42): error TS2576: Property 'createBackup' does not exist on type 'CloudBackupService'. Did you mean to access the static member 'CloudBackupService.createBackup' instead?
src/services/__tests__/CloudBackupService.test.ts(94,42): error TS2576: Property 'restoreFromBackup' does not exist on type 'CloudBackupService'. Did you mean to access the static member 'CloudBackupService.restoreFromBackup' instead?
src/services/__tests__/CloudBackupService.test.ts(102,42): error TS2576: Property 'createBackup' does not exist on type 'CloudBackupService'. Did you mean to access the static member 'CloudBackupService.createBackup' instead?
src/services/__tests__/CloudBackupService.test.ts(107,42): error TS2576: Property 'restoreFromBackup' does not exist on type 'CloudBackupService'. Did you mean to access the static member 'CloudBackupService.restoreFromBackup' instead?
src/services/__tests__/CloudBackupService.test.ts(129,42): error TS2576: Property 'restoreFromBackup' does not exist on type 'CloudBackupService'. Did you mean to access the static member 'CloudBackupService.restoreFromBackup' instead?
src/services/__tests__/CloudBackupService.test.ts(142,43): error TS2576: Property 'listBackups' does not exist on type 'CloudBackupService'. Did you mean to access the static member 'CloudBackupService.listBackups' instead?
src/services/__tests__/CloudBackupService.test.ts(153,43): error TS2576: Property 'listBackups' does not exist on type 'CloudBackupService'. Did you mean to access the static member 'CloudBackupService.listBackups' instead?
src/services/__tests__/CloudBackupService.test.ts(162,27): error TS2576: Property 'deleteBackup' does not exist on type 'CloudBackupService'. Did you mean to access the static member 'CloudBackupService.deleteBackup' instead?
src/services/__tests__/CloudBackupService.test.ts(171,42): error TS2576: Property 'createBackup' does not exist on type 'CloudBackupService'. Did you mean to access the static member 'CloudBackupService.createBackup' instead?
src/services/__tests__/CloudBackupService.test.ts(173,43): error TS2576: Property 'verifyBackup' does not exist on type 'CloudBackupService'. Did you mean to access the static member 'CloudBackupService.verifyBackup' instead?
src/services/__tests__/CloudBackupService.test.ts(181,42): error TS2576: Property 'createBackup' does not exist on type 'CloudBackupService'. Did you mean to access the static member 'CloudBackupService.createBackup' instead?
src/services/__tests__/CloudBackupService.test.ts(186,43): error TS2576: Property 'verifyBackup' does not exist on type 'CloudBackupService'. Did you mean to access the static member 'CloudBackupService.verifyBackup' instead?
src/services/__tests__/CloudBackupService.test.ts(194,46): error TS2554: Expected 0 arguments, but got 1.
src/services/__tests__/CloudBackupService.test.ts(204,48): error TS2554: Expected 0 arguments, but got 1.
src/services/__tests__/CloudBackupService.test.ts(212,46): error TS2554: Expected 0 arguments, but got 1.
src/services/__tests__/CloudBackupService.test.ts(215,36): error TS2576: Property 'createBackup' does not exist on type 'CloudBackupService'. Did you mean to access the static member 'CloudBackupService.createBackup' instead?
src/services/__tests__/CloudBackupService.test.ts(221,46): error TS2554: Expected 0 arguments, but got 1.
src/services/__tests__/CloudBackupService.test.ts(224,36): error TS2576: Property 'createBackup' does not exist on type 'CloudBackupService'. Did you mean to access the static member 'CloudBackupService.createBackup' instead?
src/services/__tests__/CredibilityScorer.test.ts(11,7): error TS2322: Type '{ id: string; profileId: string; date: Date; symptoms: { name: string; severity: number; duration: number; notes: string; }[]; overallPainLevel: number; fatigueLevel: number; sleepQuality: string; sleepHours: number; notes: string; }[]' is not assignable to type 'DailyLog[]'.
  Type '{ id: string; profileId: string; date: Date; symptoms: { name: string; severity: number; duration: number; notes: string; }[]; overallPainLevel: number; fatigueLevel: number; sleepQuality: string; sleepHours: number; notes: string; }' is missing the following properties from type 'DailyLog': createdAt, updatedAt, logDate, timeOfDay, overallSeverity
src/services/__tests__/CredibilityScorer.test.ts(28,39): error TS2551: Property 'calculateCredibilityScore' does not exist on type 'typeof CredibilityScorer'. Did you mean 'calculateCredibility'?
src/services/__tests__/CredibilityScorer.test.ts(41,39): error TS2551: Property 'calculateCredibilityScore' does not exist on type 'typeof CredibilityScorer'. Did you mean 'calculateCredibility'?
src/services/__tests__/CredibilityScorer.test.ts(50,39): error TS2551: Property 'calculateCredibilityScore' does not exist on type 'typeof CredibilityScorer'. Did you mean 'calculateCredibility'?
src/services/__tests__/CredibilityScorer.test.ts(56,13): error TS2322: Type '{ id: string; profileId: string; date: Date; symptoms: never[]; overallPainLevel: number; fatigueLevel: number; sleepQuality: string; sleepHours: number; notes: string; }[]' is not assignable to type 'DailyLog[]'.
  Type '{ id: string; profileId: string; date: Date; symptoms: never[]; overallPainLevel: number; fatigueLevel: number; sleepQuality: string; sleepHours: number; notes: string; }' is missing the following properties from type 'DailyLog': createdAt, updatedAt, logDate, timeOfDay, overallSeverity
src/services/__tests__/CredibilityScorer.test.ts(68,39): error TS2551: Property 'calculateCredibilityScore' does not exist on type 'typeof CredibilityScorer'. Did you mean 'calculateCredibility'?
src/services/__tests__/CredibilityScorer.test.ts(73,13): error TS2322: Type '{ id: string; profileId: string; date: Date; symptoms: { name: string; severity: number; duration: number; }[]; overallPainLevel: number; fatigueLevel: number; sleepQuality: string; sleepHours: number; notes: string; }[]' is not assignable to type 'DailyLog[]'.
  Type '{ id: string; profileId: string; date: Date; symptoms: { name: string; severity: number; duration: number; }[]; overallPainLevel: number; fatigueLevel: number; sleepQuality: string; sleepHours: number; notes: string; }' is missing the following properties from type 'DailyLog': createdAt, updatedAt, logDate, timeOfDay, overallSeverity
src/services/__tests__/CredibilityScorer.test.ts(87,39): error TS2551: Property 'calculateCredibilityScore' does not exist on type 'typeof CredibilityScorer'. Did you mean 'calculateCredibility'?
src/services/__tests__/CredibilityScorer.test.ts(93,39): error TS2551: Property 'calculateCredibilityScore' does not exist on type 'typeof CredibilityScorer'. Did you mean 'calculateCredibility'?
src/services/__tests__/CredibilityScorer.test.ts(96,44): error TS7006: Parameter 'suggestion' implicitly has an 'any' type.
src/services/__tests__/CredibilityScorer.test.ts(103,39): error TS2551: Property 'calculateCredibilityScore' does not exist on type 'typeof CredibilityScorer'. Did you mean 'calculateCredibility'?
src/services/__tests__/CredibilityScorer.test.ts(112,13): error TS2322: Type '{ id: string; profileId: string; date: Date; symptoms: { name: string; severity: number; duration: number; }[]; overallPainLevel: number; fatigueLevel: number; sleepQuality: string; sleepHours: number; notes: string; }[]' is not assignable to type 'DailyLog[]'.
  Type '{ id: string; profileId: string; date: Date; symptoms: { name: string; severity: number; duration: number; }[]; overallPainLevel: number; fatigueLevel: number; sleepQuality: string; sleepHours: number; notes: string; }' is missing the following properties from type 'DailyLog': createdAt, updatedAt, logDate, timeOfDay, overallSeverity
src/services/__tests__/CredibilityScorer.test.ts(126,39): error TS2551: Property 'calculateCredibilityScore' does not exist on type 'typeof CredibilityScorer'. Did you mean 'calculateCredibility'?
src/services/__tests__/CredibilityScorer.test.ts(131,13): error TS2322: Type '{ id: string; profileId: string; date: Date; symptoms: { name: string; severity: number; duration: number; }[]; overallPainLevel: number; fatigueLevel: number; sleepQuality: string; sleepHours: number; notes: string; }[]' is not assignable to type 'DailyLog[]'.
  Type '{ id: string; profileId: string; date: Date; symptoms: { name: string; severity: number; duration: number; }[]; overallPainLevel: number; fatigueLevel: number; sleepQuality: string; sleepHours: number; notes: string; }' is missing the following properties from type 'DailyLog': createdAt, updatedAt, logDate, timeOfDay, overallSeverity
src/services/__tests__/CredibilityScorer.test.ts(143,39): error TS2551: Property 'calculateCredibilityScore' does not exist on type 'typeof CredibilityScorer'. Did you mean 'calculateCredibility'?
src/services/__tests__/CredibilityScorer.test.ts(150,13): error TS2322: Type '{ id: string; profileId: string; date: Date; symptoms: { name: string; severity: number; duration: number; notes: string; }[]; overallPainLevel: number; fatigueLevel: number; sleepQuality: string; sleepHours: number; notes: string; }[]' is not assignable to type 'DailyLog[]'.
  Type '{ id: string; profileId: string; date: Date; symptoms: { name: string; severity: number; duration: number; notes: string; }[]; overallPainLevel: number; fatigueLevel: number; sleepQuality: string; sleepHours: number; notes: string; }' is missing the following properties from type 'DailyLog': createdAt, updatedAt, logDate, timeOfDay, overallSeverity
src/services/__tests__/CredibilityScorer.test.ts(169,39): error TS2551: Property 'calculateCredibilityScore' does not exist on type 'typeof CredibilityScorer'. Did you mean 'calculateCredibility'?
src/services/__tests__/CredibilityScorer.test.ts(174,13): error TS2322: Type '{ id: string; profileId: string; date: Date; symptoms: { name: string; severity: number; duration: number; }[]; overallPainLevel: number; fatigueLevel: number; sleepQuality: string; sleepHours: number; notes: string; }[]' is not assignable to type 'DailyLog[]'.
  Type '{ id: string; profileId: string; date: Date; symptoms: { name: string; severity: number; duration: number; }[]; overallPainLevel: number; fatigueLevel: number; sleepQuality: string; sleepHours: number; notes: string; }' is missing the following properties from type 'DailyLog': createdAt, updatedAt, logDate, timeOfDay, overallSeverity
src/services/__tests__/CredibilityScorer.test.ts(186,39): error TS2551: Property 'calculateCredibilityScore' does not exist on type 'typeof CredibilityScorer'. Did you mean 'calculateCredibility'?
src/services/__tests__/CredibilityScorer.test.ts(193,13): error TS2322: Type '{ id: string; profileId: string; date: Date; symptoms: { name: string; severity: number; duration: number; }[]; overallPainLevel: number; fatigueLevel: number; sleepQuality: string; sleepHours: number; notes: string; }[]' is not assignable to type 'DailyLog[]'.
  Type '{ id: string; profileId: string; date: Date; symptoms: { name: string; severity: number; duration: number; }[]; overallPainLevel: number; fatigueLevel: number; sleepQuality: string; sleepHours: number; notes: string; }' is missing the following properties from type 'DailyLog': createdAt, updatedAt, logDate, timeOfDay, overallSeverity
src/services/__tests__/CredibilityScorer.test.ts(205,39): error TS2551: Property 'calculateCredibilityScore' does not exist on type 'typeof CredibilityScorer'. Did you mean 'calculateCredibility'?
src/services/__tests__/CredibilityScorer.test.ts(210,13): error TS2322: Type '{ id: string; profileId: string; date: Date; symptoms: { name: string; severity: number; duration: number; }[]; overallPainLevel: number; fatigueLevel: number; sleepQuality: string; sleepHours: number; notes: string; }[]' is not assignable to type 'DailyLog[]'.
  Type '{ id: string; profileId: string; date: Date; symptoms: { name: string; severity: number; duration: number; }[]; overallPainLevel: number; fatigueLevel: number; sleepQuality: string; sleepHours: number; notes: string; }' is missing the following properties from type 'DailyLog': createdAt, updatedAt, logDate, timeOfDay, overallSeverity
src/services/__tests__/CredibilityScorer.test.ts(222,39): error TS2551: Property 'calculateCredibilityScore' does not exist on type 'typeof CredibilityScorer'. Did you mean 'calculateCredibility'?
src/services/__tests__/SyncService.test.ts(29,25): error TS2576: Property 'queueOperation' does not exist on type 'SyncService'. Did you mean to access the static member 'SyncService.queueOperation' instead?
src/services/__tests__/SyncService.test.ts(37,33): error TS2576: Property 'getSyncState' does not exist on type 'SyncService'. Did you mean to access the static member 'SyncService.getSyncState' instead?
src/services/__tests__/SyncService.test.ts(43,25): error TS2576: Property 'queueOperation' does not exist on type 'SyncService'. Did you mean to access the static member 'SyncService.queueOperation' instead?
src/services/__tests__/SyncService.test.ts(51,33): error TS2576: Property 'getSyncState' does not exist on type 'SyncService'. Did you mean to access the static member 'SyncService.getSyncState' instead?
src/services/__tests__/SyncService.test.ts(57,25): error TS2576: Property 'queueOperation' does not exist on type 'SyncService'. Did you mean to access the static member 'SyncService.queueOperation' instead?
src/services/__tests__/SyncService.test.ts(65,33): error TS2576: Property 'getSyncState' does not exist on type 'SyncService'. Did you mean to access the static member 'SyncService.getSyncState' instead?
src/services/__tests__/SyncService.test.ts(72,25): error TS2576: Property 'queueOperation' does not exist on type 'SyncService'. Did you mean to access the static member 'SyncService.queueOperation' instead?
src/services/__tests__/SyncService.test.ts(81,25): error TS2576: Property 'sync' does not exist on type 'SyncService'. Did you mean to access the static member 'SyncService.sync' instead?
src/services/__tests__/SyncService.test.ts(83,33): error TS2576: Property 'getSyncState' does not exist on type 'SyncService'. Did you mean to access the static member 'SyncService.getSyncState' instead?
src/services/__tests__/SyncService.test.ts(91,25): error TS2576: Property 'queueOperation' does not exist on type 'SyncService'. Did you mean to access the static member 'SyncService.queueOperation' instead?
src/services/__tests__/SyncService.test.ts(99,25): error TS2576: Property 'sync' does not exist on type 'SyncService'. Did you mean to access the static member 'SyncService.sync' instead?
src/services/__tests__/SyncService.test.ts(101,33): error TS2576: Property 'getSyncState' does not exist on type 'SyncService'. Did you mean to access the static member 'SyncService.getSyncState' instead?
src/services/__tests__/SyncService.test.ts(109,25): error TS2576: Property 'sync' does not exist on type 'SyncService'. Did you mean to access the static member 'SyncService.sync' instead?
src/services/__tests__/SyncService.test.ts(110,25): error TS2576: Property 'sync' does not exist on type 'SyncService'. Did you mean to access the static member 'SyncService.sync' instead?
src/services/__tests__/SyncService.test.ts(111,25): error TS2576: Property 'sync' does not exist on type 'SyncService'. Did you mean to access the static member 'SyncService.sync' instead?
src/services/__tests__/SyncService.test.ts(121,25): error TS2576: Property 'queueOperation' does not exist on type 'SyncService'. Did you mean to access the static member 'SyncService.queueOperation' instead?
src/services/__tests__/SyncService.test.ts(129,33): error TS2576: Property 'getSyncState' does not exist on type 'SyncService'. Did you mean to access the static member 'SyncService.getSyncState' instead?
src/services/__tests__/SyncService.test.ts(144,25): error TS2576: Property 'queueOperation' does not exist on type 'SyncService'. Did you mean to access the static member 'SyncService.queueOperation' instead?
src/services/__tests__/SyncService.test.ts(152,25): error TS2576: Property 'sync' does not exist on type 'SyncService'. Did you mean to access the static member 'SyncService.sync' instead?
src/services/__tests__/SyncService.test.ts(154,33): error TS2576: Property 'getSyncState' does not exist on type 'SyncService'. Did you mean to access the static member 'SyncService.getSyncState' instead?
src/services/__tests__/SyncService.test.ts(164,9): error TS2820: Type '"DailyLog"' is not assignable to type 'EntityType'. Did you mean '"dailyLog"'?
src/services/__tests__/SyncService.test.ts(173,25): error TS2576: Property 'queueOperation' does not exist on type 'SyncService'. Did you mean to access the static member 'SyncService.queueOperation' instead?
src/services/__tests__/SyncService.test.ts(176,33): error TS2576: Property 'getSyncState' does not exist on type 'SyncService'. Did you mean to access the static member 'SyncService.getSyncState' instead?
src/services/__tests__/SyncService.test.ts(183,33): error TS2576: Property 'getSyncState' does not exist on type 'SyncService'. Did you mean to access the static member 'SyncService.getSyncState' instead?
src/services/__tests__/SyncService.test.ts(193,33): error TS2576: Property 'getSyncState' does not exist on type 'SyncService'. Did you mean to access the static member 'SyncService.getSyncState' instead?
src/services/__tests__/SyncService.test.ts(203,25): error TS2576: Property 'queueOperation' does not exist on type 'SyncService'. Did you mean to access the static member 'SyncService.queueOperation' instead?
src/services/__tests__/SyncService.test.ts(211,19): error TS2339: Property 'clearCompleted' does not exist on type 'SyncService'.
src/services/__tests__/SyncService.test.ts(213,33): error TS2576: Property 'getSyncState' does not exist on type 'SyncService'. Did you mean to access the static member 'SyncService.getSyncState' instead?
src/services/__tests__/SyncService.test.ts(214,57): error TS7006: Parameter 'op' implicitly has an 'any' type.
src/services/__tests__/WorkImpactAnalyzer.simple.test.ts(12,3): error TS2305: Module '"../../__tests__/testHelpers"' has no exported member 'createMockJobDuty'.
